<?xml version="1.0" encoding="UTF-8"?>
<!-- Generated by org.testng.reporters.JUnitReportReporter -->
<testsuite hostname="BLR-75H4473" name="TestNGAuth.Auth.ClassCleverLoginTest" tests="1" failures="1" timestamp="12 Mar 2021 16:07:16 GMT" time="3.625" errors="0">
  <testcase name="clasTest" time="3.625" classname="TestNGAuth.Auth.ClassCleverLoginTest">
    <failure type="org.openqa.selenium.SessionNotCreatedException" message="session not created: This version of ChromeDriver only supports Chrome version 87
Current browser version is 89.0.4389.82 with binary path C:\Program Files (x86)\Google\Chrome\Application\chrome.exe
Build info: version: &#039;3.141.59&#039;, revision: &#039;e82be7d358&#039;, time: &#039;2018-11-14T08:17:03&#039;
System info: host: &#039;BLR-75H4473&#039;, ip: &#039;172.20.10.8&#039;, os.name: &#039;Windows 10&#039;, os.arch: &#039;amd64&#039;, os.version: &#039;10.0&#039;, java.version: &#039;1.8.0_271&#039;
Driver info: driver.version: ChromeDriver
remote stacktrace: Backtrace:
	Ordinal0 [0x00AAC0C3+3326147]
	Ordinal0 [0x00990851+2164817]
	Ordinal0 [0x00817298+619160]
	Ordinal0 [0x00791D92+73106]
	Ordinal0 [0x0078E119+57625]
	Ordinal0 [0x0078C38A+50058]
	Ordinal0 [0x007B5F3E+220990]
	Ordinal0 [0x007B5CAC+220332]
	Ordinal0 [0x007B189B+202907]
	Ordinal0 [0x00793DF4+81396]
	Ordinal0 [0x00794DEE+85486]
	Ordinal0 [0x00794D79+85369]
	Ordinal0 [0x009A85DC+2262492]
	GetHandleVerifier [0x00C32874+1487204]
	GetHandleVerifier [0x00C323CD+1486013]
	GetHandleVerifier [0x00C3A368+1518680]
	GetHandleVerifier [0x00C32F4E+1488958]
	Ordinal0 [0x0099ED0D+2223373]
	Ordinal0 [0x009AA12B+2269483]
	Ordinal0 [0x009AA26F+2269807]
	Ordinal0 [0x009BECB8+2354360]
	BaseThreadInitThunk [0x76EF6359+25]
	RtlGetAppContainerNamedObjectPath [0x77378964+228]
	RtlGetAppContainerNamedObjectPath [0x77378934+180]
">
      <![CDATA[org.openqa.selenium.SessionNotCreatedException: session not created: This version of ChromeDriver only supports Chrome version 87
Current browser version is 89.0.4389.82 with binary path C:\Program Files (x86)\Google\Chrome\Application\chrome.exe
Build info: version: '3.141.59', revision: 'e82be7d358', time: '2018-11-14T08:17:03'
System info: host: 'BLR-75H4473', ip: '172.20.10.8', os.name: 'Windows 10', os.arch: 'amd64', os.version: '10.0', java.version: '1.8.0_271'
Driver info: driver.version: ChromeDriver
remote stacktrace: Backtrace:
	Ordinal0 [0x00AAC0C3+3326147]
	Ordinal0 [0x00990851+2164817]
	Ordinal0 [0x00817298+619160]
	Ordinal0 [0x00791D92+73106]
	Ordinal0 [0x0078E119+57625]
	Ordinal0 [0x0078C38A+50058]
	Ordinal0 [0x007B5F3E+220990]
	Ordinal0 [0x007B5CAC+220332]
	Ordinal0 [0x007B189B+202907]
	Ordinal0 [0x00793DF4+81396]
	Ordinal0 [0x00794DEE+85486]
	Ordinal0 [0x00794D79+85369]
	Ordinal0 [0x009A85DC+2262492]
	GetHandleVerifier [0x00C32874+1487204]
	GetHandleVerifier [0x00C323CD+1486013]
	GetHandleVerifier [0x00C3A368+1518680]
	GetHandleVerifier [0x00C32F4E+1488958]
	Ordinal0 [0x0099ED0D+2223373]
	Ordinal0 [0x009AA12B+2269483]
	Ordinal0 [0x009AA26F+2269807]
	Ordinal0 [0x009BECB8+2354360]
	BaseThreadInitThunk [0x76EF6359+25]
	RtlGetAppContainerNamedObjectPath [0x77378964+228]
	RtlGetAppContainerNamedObjectPath [0x77378934+180]

	at sun.reflect.NativeConstructorAccessorImpl.newInstance0(Native Method)
	at sun.reflect.NativeConstructorAccessorImpl.newInstance(NativeConstructorAccessorImpl.java:62)
	at sun.reflect.DelegatingConstructorAccessorImpl.newInstance(DelegatingConstructorAccessorImpl.java:45)
	at java.lang.reflect.Constructor.newInstance(Constructor.java:423)
	at org.openqa.selenium.remote.W3CHandshakeResponse.lambda$errorHandler$0(W3CHandshakeResponse.java:62)
	at org.openqa.selenium.remote.HandshakeResponse.lambda$getResponseFunction$0(HandshakeResponse.java:30)
	at org.openqa.selenium.remote.ProtocolHandshake.lambda$createSession$0(ProtocolHandshake.java:126)
	at java.util.stream.ReferencePipeline$3$1.accept(ReferencePipeline.java:193)
	at java.util.Spliterators$ArraySpliterator.tryAdvance(Spliterators.java:958)
	at java.util.stream.ReferencePipeline.forEachWithCancel(ReferencePipeline.java:126)
	at java.util.stream.AbstractPipeline.copyIntoWithCancel(AbstractPipeline.java:499)
	at java.util.stream.AbstractPipeline.copyInto(AbstractPipeline.java:486)
	at java.util.stream.AbstractPipeline.wrapAndCopyInto(AbstractPipeline.java:472)
	at java.util.stream.FindOps$FindOp.evaluateSequential(FindOps.java:152)
	at java.util.stream.AbstractPipeline.evaluate(AbstractPipeline.java:234)
	at java.util.stream.ReferencePipeline.findFirst(ReferencePipeline.java:464)
	at org.openqa.selenium.remote.ProtocolHandshake.createSession(ProtocolHandshake.java:128)
	at org.openqa.selenium.remote.ProtocolHandshake.createSession(ProtocolHandshake.java:74)
	at org.openqa.selenium.remote.HttpCommandExecutor.execute(HttpCommandExecutor.java:136)
	at org.openqa.selenium.remote.service.DriverCommandExecutor.execute(DriverCommandExecutor.java:83)
	at org.openqa.selenium.remote.RemoteWebDriver.execute(RemoteWebDriver.java:552)
	at org.openqa.selenium.remote.RemoteWebDriver.startSession(RemoteWebDriver.java:213)
	at org.openqa.selenium.remote.RemoteWebDriver.<init>(RemoteWebDriver.java:131)
	at org.openqa.selenium.chrome.ChromeDriver.<init>(ChromeDriver.java:181)
	at org.openqa.selenium.chrome.ChromeDriver.<init>(ChromeDriver.java:168)
	at org.openqa.selenium.chrome.ChromeDriver.<init>(ChromeDriver.java:123)
	at TestNGAuth.Auth.HomePage.openBrowser(HomePage.java:10)
	at TestNGAuth.Auth.ClassLogin.classCheck(ClassLogin.java:20)
	at TestNGAuth.Auth.ClassCleverLoginTest.clasTest(ClassCleverLoginTest.java:12)
	at sun.reflect.NativeMethodAccessorImpl.invoke0(Native Method)
	at sun.reflect.NativeMethodAccessorImpl.invoke(NativeMethodAccessorImpl.java:62)
	at sun.reflect.DelegatingMethodAccessorImpl.invoke(DelegatingMethodAccessorImpl.java:43)
	at java.lang.reflect.Method.invoke(Method.java:498)
	at org.testng.internal.MethodInvocationHelper.invokeMethod(MethodInvocationHelper.java:84)
	at org.testng.internal.Invoker.invokeMethod(Invoker.java:714)
	at org.testng.internal.Invoker.invokeTestMethod(Invoker.java:901)
	at org.testng.internal.Invoker.invokeTestMethods(Invoker.java:1231)
	at org.testng.internal.TestMethodWorker.invokeTestMethods(TestMethodWorker.java:127)
	at org.testng.internal.TestMethodWorker.run(TestMethodWorker.java:111)
	at org.testng.TestRunner.privateRun(TestRunner.java:767)
	at org.testng.TestRunner.run(TestRunner.java:617)
	at org.testng.SuiteRunner.runTest(SuiteRunner.java:334)
	at org.testng.SuiteRunner.runSequentially(SuiteRunner.java:329)
	at org.testng.SuiteRunner.privateRun(SuiteRunner.java:291)
	at org.testng.SuiteRunner.run(SuiteRunner.java:240)
	at org.testng.SuiteRunnerWorker.runSuite(SuiteRunnerWorker.java:52)
	at org.testng.SuiteRunnerWorker.run(SuiteRunnerWorker.java:86)
	at org.testng.TestNG.runSuitesSequentially(TestNG.java:1224)
	at org.testng.TestNG.runSuitesLocally(TestNG.java:1149)
	at org.testng.TestNG.run(TestNG.java:1057)
	at org.testng.remote.AbstractRemoteTestNG.run(AbstractRemoteTestNG.java:132)
	at org.testng.remote.RemoteTestNG.initAndRun(RemoteTestNG.java:230)
	at org.testng.remote.RemoteTestNG.main(RemoteTestNG.java:76)
]]>
    </failure>
  </testcase> <!-- clasTest -->
</testsuite> <!-- TestNGAuth.Auth.ClassCleverLoginTest -->
